<?xml version="1.0" encoding="UTF-8" standalone="no"?>
<!DOCTYPE log SYSTEM "logger.dtd">
<log>
<record>
  <date>2019-04-04T14:05:34.242-0300</date>
  <logger>JOAO FELIPE DA SILVA FREITAS</logger>
  <level>FINE</level>
  <message>File 118110774-JOAO FELIPE DA SILVA FREITAS.zip was received. It was sent by JOAO FELIPE DA SILVA FREITAS from IP 150.165.42.181</message>
</record>
</log>
<?xml version="1.0" encoding="UTF-8" standalone="no"?>
<!DOCTYPE log SYSTEM "logger.dtd">
<log>
<record>
  <date>2019-04-04T15:21:17.137-0300</date>
  <logger>JOAO FELIPE DA SILVA FREITAS</logger>
  <level>FINE</level>
  <message>File 118110774-JOAO FELIPE DA SILVA FREITAS.zip was received. It was sent by JOAO FELIPE DA SILVA FREITAS from IP 150.165.42.181</message>
</record>
</log>
<?xml version="1.0" encoding="UTF-8" standalone="no"?>
<!DOCTYPE log SYSTEM "logger.dtd">
<log>
<record>
  <date>2019-04-04T15:25:14.287-0300</date>
  <logger>JOAO FELIPE DA SILVA FREITAS</logger>
  <level>FINE</level>
  <message>File 118110774-JOAO FELIPE DA SILVA FREITAS.zip was received. It was sent by JOAO FELIPE DA SILVA FREITAS from IP 150.165.42.181</message>
</record>
</log>
<?xml version="1.0" encoding="UTF-8" standalone="no"?>
<!DOCTYPE log SYSTEM "logger.dtd">
<log>
<record>
  <date>2019-04-04T15:26:20.157-0300</date>
  <logger>JOAO FELIPE DA SILVA FREITAS</logger>
  <level>FINE</level>
  <message>File 118110774-JOAO FELIPE DA SILVA FREITAS.zip was received. It was sent by JOAO FELIPE DA SILVA FREITAS from IP 150.165.42.181</message>
</record>
