<?xml version="1.0" encoding="UTF-8" standalone="no"?>
<!DOCTYPE log SYSTEM "logger.dtd">
<log>
<record>
  <date>2019-04-29T16:11:37.696-0300</date>
  <logger>JOAO FELIPE DA SILVA FREITAS</logger>
  <level>FINE</level>
  <message>File 118110774-JOAO FELIPE DA SILVA FREITAS.zip was received. It was sent by JOAO FELIPE DA SILVA FREITAS from IP 150.165.42.164</message>
</record>
</log>
<?xml version="1.0" encoding="UTF-8" standalone="no"?>
<!DOCTYPE log SYSTEM "logger.dtd">
<log>
<record>
  <date>2019-04-29T17:16:07.974-0300</date>
  <logger>JOAO FELIPE DA SILVA FREITAS</logger>
  <level>FINE</level>
  <message>File 118110774-JOAO FELIPE DA SILVA FREITAS.zip was received. It was sent by JOAO FELIPE DA SILVA FREITAS from IP 150.165.42.164</message>
</record>
</log>
<?xml version="1.0" encoding="UTF-8" standalone="no"?>
<!DOCTYPE log SYSTEM "logger.dtd">
<log>
<record>
  <date>2019-04-29T17:17:50.598-0300</date>
  <logger>JOAO FELIPE DA SILVA FREITAS</logger>
  <level>FINE</level>
  <message>File 118110774-JOAO FELIPE DA SILVA FREITAS.zip was received. It was sent by JOAO FELIPE DA SILVA FREITAS from IP 150.165.42.164</message>
</record>
